------------------------------------------------------------------------------------------------------------------------

[2026-02-03 13:22:23 #1 store] 
Database 'C:\Users\Jaime\Downloads\EX_2T_20242025\AG\AD_Ex_AG_Alumnos_2T\db\examen2T_AG.odb' is opened by 24328@LAPTOP-5UJO83RO

[2026-02-03 13:22:23 #2 store] 
Configuration path: ?

[2026-02-03 13:22:35 #3 store] 
Database 'C:\Users\Jaime\Downloads\EX_2T_20242025\AG\AD_Ex_AG_Alumnos_2T\db\examen2T_AG.odb' is closed by 24328@LAPTOP-5UJO83RO

------------------------------------------------------------------------------------------------------------------------

[2026-02-03 16:11:40 #1 store.file] 
readTextFile error.

[2026-02-03 16:11:40 #2 store.file] 
java.io.FileNotFoundException: C:\Users\Admin\.objectdb\exolorer.xml (El sistema no puede encontrar el archivo especificado)
	at java.base/java.io.FileInputStream.open0(Native Method)
	at java.base/java.io.FileInputStream.open(FileInputStream.java:213)
	at java.base/java.io.FileInputStream.<init>(FileInputStream.java:152)
	at java.base/java.io.FileInputStream.<init>(FileInputStream.java:106)
	at com.objectdb.o.STH.B(STH.java:731)
	at com.objectdb.o.STH.A(STH.java:715)
	at com.objectdb.o.CNF.<init>(CNF.java:106)
	at com.objectdb.o.CNF.<clinit>(CNF.java:32)
	at com.objectdb.o.MainFrame.init(MainFrame.java:132)
	at com.objectdb.o.EXA.<init>(EXA.java:77)
	at com.objectdb.Explorer$1.run(Explorer.java:57)
	at java.desktop/java.awt.event.InvocationEvent.dispatch(InvocationEvent.java:318)
	at java.desktop/java.awt.EventQueue.dispatchEventImpl(EventQueue.java:773)
	at java.desktop/java.awt.EventQueue$4.run(EventQueue.java:720)
	at java.desktop/java.awt.EventQueue$4.run(EventQueue.java:714)
	at java.base/java.security.AccessController.doPrivileged(AccessController.java:400)
	at java.base/java.security.ProtectionDomain$JavaSecurityAccessImpl.doIntersectionPrivilege(ProtectionDomain.java:87)
	at java.desktop/java.awt.EventQueue.dispatchEvent(EventQueue.java:742)
	at java.desktop/java.awt.EventDispatchThread.pumpOneEventForFilters(EventDispatchThread.java:203)
	at java.desktop/java.awt.EventDispatchThread.pumpEventsForFilter(EventDispatchThread.java:124)
	at java.desktop/java.awt.EventDispatchThread.pumpEventsForHierarchy(EventDispatchThread.java:113)
	at java.desktop/java.awt.EventDispatchThread.pumpEvents(EventDispatchThread.java:109)
	at java.desktop/java.awt.EventDispatchThread.pumpEvents(EventDispatchThread.java:101)
	at java.desktop/java.awt.EventDispatchThread.run(EventDispatchThread.java:90)

[2026-02-03 16:12:07 #3 store] 
Database 'C:\JAIME\CloudEducaMadrid\codigo\JAVA\ADAT\Examenes\2526\AD_ex2T_AG_Alumnos\db\examen2T_AG.odb' is opened by 9192@DESKTOP-3M2N71F

[2026-02-03 16:12:07 #4 store] 
Configuration path: ?

[2026-02-03 16:12:21 #5 store] 
Database 'C:\JAIME\CloudEducaMadrid\codigo\JAVA\ADAT\Examenes\2526\AD_ex2T_AG_Alumnos\db\examen2T_AG.odb' is closed by 9192@DESKTOP-3M2N71F

------------------------------------------------------------------------------------------------------------------------

[2026-02-03 17:44:06 #1 store] 
Database 'C:\Users\DAM2\Downloads\AD_ex2T_AG_Alumnos\db\examen2T_AG.odb' is opened by 15116@Administrador

[2026-02-03 17:44:06 #2 store] 
Configuration path: ?

------------------------------------------------------------------------------------------------------------------------

[2026-02-03 17:45:38 #1 store] 
Database 'C:\Users\DAM2\Downloads\AD_ex2T_AG_Alumnos\db\examen2T_AG.odb' has been recovered (tr. 5-5)

[2026-02-03 17:45:38 #2 store] 
Database 'C:\Users\DAM2\Downloads\AD_ex2T_AG_Alumnos\db\examen2T_AG.odb' is opened by 3276@Administrador

[2026-02-03 17:45:38 #3 store] 
Configuration path: ?

------------------------------------------------------------------------------------------------------------------------

[2026-02-03 17:46:32 #1 store] 
Database 'C:\Users\DAM2\Downloads\AD_ex2T_AG_Alumnos\db\examen2T_AG.odb' is opened by 16568@Administrador

[2026-02-03 17:46:32 #2 store] 
Configuration path: ?

[2026-02-03 17:46:32 #3 type] 
Type modelo.MusicBand is not enhanced.

------------------------------------------------------------------------------------------------------------------------

[2026-02-03 17:47:13 #1 store] 
Database 'C:\Users\DAM2\Downloads\AD_ex2T_AG_Alumnos\db\examen2T_AG.odb' has been recovered (tr. 6-7)

[2026-02-03 17:47:13 #2 store] 
Database 'C:\Users\DAM2\Downloads\AD_ex2T_AG_Alumnos\db\examen2T_AG.odb' is opened by 10208@Administrador

[2026-02-03 17:47:13 #3 store] 
Configuration path: ?

[2026-02-03 17:47:13 #4 type] 
Type modelo.MusicBand is not enhanced.

------------------------------------------------------------------------------------------------------------------------

[2026-02-03 17:48:14 #1 store] 
Database 'C:\Users\DAM2\Downloads\AD_ex2T_AG_Alumnos\db\examen2T_AG.odb' is opened by 20820@Administrador

[2026-02-03 17:48:14 #2 store] 
Configuration path: ?

[2026-02-03 17:48:14 #3 type] 
Type modelo.MusicBand is not enhanced.

------------------------------------------------------------------------------------------------------------------------

[2026-02-03 17:49:17 #1 store] 
Database 'C:\Users\DAM2\Downloads\AD_ex2T_AG_Alumnos\db\examen2T_AG.odb' is opened by 2484@Administrador

[2026-02-03 17:49:17 #2 store] 
Configuration path: ?

[2026-02-03 17:49:17 #3 type] 
Type modelo.MusicBand is not enhanced.

------------------------------------------------------------------------------------------------------------------------

[2026-02-03 17:49:42 #1 store] 
Database 'C:\Users\DAM2\Downloads\AD_ex2T_AG_Alumnos\db\examen2T_AG.odb' has been recovered (tr. 8-8)

[2026-02-03 17:49:42 #2 store] 
Database 'C:\Users\DAM2\Downloads\AD_ex2T_AG_Alumnos\db\examen2T_AG.odb' is opened by 11612@Administrador

[2026-02-03 17:49:42 #3 store] 
Configuration path: ?

[2026-02-03 17:49:42 #4 type] 
Type modelo.MusicBand is not enhanced.

