------------------------------------------------------------------------------------------------------------------------

[2026-01-27 16:59:48 #1 store] 
Database 'C:\Users\DAM2\Documents\ADAT-EJCSM\Proyecto-Integrador-EJCSM\db\Libro.odb' is opened by 3032@Administrador

[2026-01-27 16:59:48 #2 store] 
Configuration path: ?

[2026-01-27 16:59:48 #3 type] 
Type Modelo.Libro is not enhanced.

------------------------------------------------------------------------------------------------------------------------

[2026-01-27 17:03:22 #1 store] 
Database 'C:\Users\DAM2\Documents\ADAT-EJCSM\Proyecto-Integrador-EJCSM\db\Libro.odb' has been recovered (tr. 1-4)

[2026-01-27 17:03:22 #2 store] 
Database 'C:\Users\DAM2\Documents\ADAT-EJCSM\Proyecto-Integrador-EJCSM\db\Libro.odb' is opened by 4384@Administrador

[2026-01-27 17:03:22 #3 store] 
Configuration path: ?

[2026-01-27 17:03:22 #4 type] 
Type Modelo.Libro is not enhanced.

------------------------------------------------------------------------------------------------------------------------

[2026-01-27 17:08:07 #1 store] 
Database 'C:\Users\DAM2\Documents\ADAT-EJCSM\Proyecto-Integrador-EJCSM\db\Libro.odb' is opened by 4284@Administrador

[2026-01-27 17:08:07 #2 store] 
Configuration path: ?

[2026-01-27 17:08:07 #3 type] 
Type Modelo.Libro is not enhanced.

------------------------------------------------------------------------------------------------------------------------

[2026-01-27 17:17:44 #1 store] 
Database 'C:\Users\DAM2\Documents\ADAT-EJCSM\Proyecto-Integrador-EJCSM\db\Libro.odb' is opened by 1860@Administrador

[2026-01-27 17:17:44 #2 store] 
Configuration path: ?

[2026-01-27 17:17:45 #3 type] 
Type Modelo.Libro is not enhanced.

